  My_game.cpp
C:\Users\bpree\cprac\My_game\My_game\vec2.h(10,1): warning C4305: '*=': truncation from 'double' to 'float'
  (compiling source file 'My_game.cpp')
  
C:\Users\bpree\cprac\My_game\My_game\game.cpp(18,96): warning C4244: 'argument': conversion from 'T' to 'float', possible loss of data
C:\Users\bpree\cprac\My_game\My_game\game.cpp(18,96): warning C4244:         with
C:\Users\bpree\cprac\My_game\My_game\game.cpp(18,96): warning C4244:         [
C:\Users\bpree\cprac\My_game\My_game\game.cpp(18,96): warning C4244:             T=unsigned int
C:\Users\bpree\cprac\My_game\My_game\game.cpp(18,96): warning C4244:         ]
  (compiling source file 'My_game.cpp')
  
C:\Users\bpree\cprac\My_game\My_game\game.cpp(18,76): warning C4244: 'argument': conversion from 'T' to 'float', possible loss of data
C:\Users\bpree\cprac\My_game\My_game\game.cpp(18,76): warning C4244:         with
C:\Users\bpree\cprac\My_game\My_game\game.cpp(18,76): warning C4244:         [
C:\Users\bpree\cprac\My_game\My_game\game.cpp(18,76): warning C4244:             T=unsigned int
C:\Users\bpree\cprac\My_game\My_game\game.cpp(18,76): warning C4244:         ]
  (compiling source file 'My_game.cpp')
  
C:\Users\bpree\cprac\My_game\My_game\game.cpp(19,19): warning C4244: 'argument': conversion from 'time_t' to 'unsigned int', possible loss of data
  (compiling source file 'My_game.cpp')
  
C:\Users\bpree\cprac\My_game\My_game\game.cpp(35,85): warning C4244: 'argument': conversion from 'T' to 'float', possible loss of data
C:\Users\bpree\cprac\My_game\My_game\game.cpp(35,85): warning C4244:         with
C:\Users\bpree\cprac\My_game\My_game\game.cpp(35,85): warning C4244:         [
C:\Users\bpree\cprac\My_game\My_game\game.cpp(35,85): warning C4244:             T=unsigned int
C:\Users\bpree\cprac\My_game\My_game\game.cpp(35,85): warning C4244:         ]
  (compiling source file 'My_game.cpp')
  
C:\Users\bpree\cprac\My_game\My_game\game.cpp(35,61): warning C4244: 'argument': conversion from 'T' to 'float', possible loss of data
C:\Users\bpree\cprac\My_game\My_game\game.cpp(35,61): warning C4244:         with
C:\Users\bpree\cprac\My_game\My_game\game.cpp(35,61): warning C4244:         [
C:\Users\bpree\cprac\My_game\My_game\game.cpp(35,61): warning C4244:             T=unsigned int
C:\Users\bpree\cprac\My_game\My_game\game.cpp(35,61): warning C4244:         ]
  (compiling source file 'My_game.cpp')
  
C:\Users\bpree\cprac\My_game\My_game\game.cpp(51,63): warning C4244: '=': conversion from 'T' to 'float', possible loss of data
C:\Users\bpree\cprac\My_game\My_game\game.cpp(51,63): warning C4244:         with
C:\Users\bpree\cprac\My_game\My_game\game.cpp(51,63): warning C4244:         [
C:\Users\bpree\cprac\My_game\My_game\game.cpp(51,63): warning C4244:             T=unsigned int
C:\Users\bpree\cprac\My_game\My_game\game.cpp(51,63): warning C4244:         ]
  (compiling source file 'My_game.cpp')
  
C:\Users\bpree\cprac\My_game\My_game\game.cpp(52,63): warning C4244: '=': conversion from 'T' to 'float', possible loss of data
C:\Users\bpree\cprac\My_game\My_game\game.cpp(52,63): warning C4244:         with
C:\Users\bpree\cprac\My_game\My_game\game.cpp(52,63): warning C4244:         [
C:\Users\bpree\cprac\My_game\My_game\game.cpp(52,63): warning C4244:             T=unsigned int
C:\Users\bpree\cprac\My_game\My_game\game.cpp(52,63): warning C4244:         ]
  (compiling source file 'My_game.cpp')
  
C:\Users\bpree\cprac\My_game\My_game\game.cpp(54,67): warning C4244: '=': conversion from 'T' to 'float', possible loss of data
C:\Users\bpree\cprac\My_game\My_game\game.cpp(54,67): warning C4244:         with
C:\Users\bpree\cprac\My_game\My_game\game.cpp(54,67): warning C4244:         [
C:\Users\bpree\cprac\My_game\My_game\game.cpp(54,67): warning C4244:             T=unsigned int
C:\Users\bpree\cprac\My_game\My_game\game.cpp(54,67): warning C4244:         ]
  (compiling source file 'My_game.cpp')
  
C:\Users\bpree\cprac\My_game\My_game\game.cpp(55,67): warning C4244: '=': conversion from 'T' to 'float', possible loss of data
C:\Users\bpree\cprac\My_game\My_game\game.cpp(55,67): warning C4244:         with
C:\Users\bpree\cprac\My_game\My_game\game.cpp(55,67): warning C4244:         [
C:\Users\bpree\cprac\My_game\My_game\game.cpp(55,67): warning C4244:             T=unsigned int
C:\Users\bpree\cprac\My_game\My_game\game.cpp(55,67): warning C4244:         ]
  (compiling source file 'My_game.cpp')
  
C:\Users\bpree\cprac\My_game\My_game\game.cpp(57,22): warning C4244: '=': conversion from 'int' to 'float', possible loss of data
  (compiling source file 'My_game.cpp')
  
C:\Users\bpree\cprac\My_game\My_game\game.cpp(58,22): warning C4244: '=': conversion from 'int' to 'float', possible loss of data
  (compiling source file 'My_game.cpp')
  
C:\Users\bpree\cprac\My_game\My_game\game.cpp(63,72): warning C4244: 'argument': conversion from 'int' to 'float', possible loss of data
  (compiling source file 'My_game.cpp')
  
C:\Users\bpree\cprac\My_game\My_game\game.cpp(64,37): warning C4244: 'argument': conversion from 'int' to 'float', possible loss of data
  (compiling source file 'My_game.cpp')
  
C:\Users\bpree\cprac\My_game\My_game\game.cpp(64,32): warning C4244: 'argument': conversion from 'int' to 'float', possible loss of data
  (compiling source file 'My_game.cpp')
  
C:\Users\bpree\cprac\My_game\My_game\game.cpp(95,60): warning C4244: 'argument': conversion from 'int' to 'float', possible loss of data
  (compiling source file 'My_game.cpp')
  
C:\Users\bpree\cprac\My_game\My_game\game.cpp(122,52): warning C4244: 'argument': conversion from 'float' to 'int', possible loss of data
  (compiling source file 'My_game.cpp')
  
C:\Users\bpree\cprac\My_game\My_game\game.cpp(122,45): warning C4244: 'argument': conversion from 'float' to 'int', possible loss of data
  (compiling source file 'My_game.cpp')
  
C:\Users\bpree\cprac\My_game\My_game\game.cpp(132,49): warning C4244: 'argument': conversion from 'float' to 'int', possible loss of data
  (compiling source file 'My_game.cpp')
  
C:\Users\bpree\cprac\My_game\My_game\game.cpp(132,42): warning C4244: 'argument': conversion from 'float' to 'int', possible loss of data
  (compiling source file 'My_game.cpp')
  
C:\Users\bpree\cprac\My_game\My_game\game.cpp(171,58): warning C4244: '=': conversion from 'int' to 'float', possible loss of data
  (compiling source file 'My_game.cpp')
  
C:\Users\bpree\cprac\My_game\My_game\game.cpp(172,58): warning C4244: '=': conversion from 'int' to 'float', possible loss of data
  (compiling source file 'My_game.cpp')
  
C:\Users\bpree\cprac\My_game\My_game\game.cpp(200,42): warning C4244: 'argument': conversion from 'float' to 'int', possible loss of data
  (compiling source file 'My_game.cpp')
  
C:\Users\bpree\cprac\My_game\My_game\game.cpp(200,35): warning C4244: 'argument': conversion from 'float' to 'int', possible loss of data
  (compiling source file 'My_game.cpp')
  
C:\Program Files\Microsoft Visual Studio\2022\Community\VC\Tools\MSVC\14.38.33130\include\xutility(255,82): warning C4244: 'argument': conversion from '_Ty' to 'const float', possible loss of data
C:\Program Files\Microsoft Visual Studio\2022\Community\VC\Tools\MSVC\14.38.33130\include\xutility(255,82): warning C4244:         with
C:\Program Files\Microsoft Visual Studio\2022\Community\VC\Tools\MSVC\14.38.33130\include\xutility(255,82): warning C4244:         [
C:\Program Files\Microsoft Visual Studio\2022\Community\VC\Tools\MSVC\14.38.33130\include\xutility(255,82): warning C4244:             _Ty=int
C:\Program Files\Microsoft Visual Studio\2022\Community\VC\Tools\MSVC\14.38.33130\include\xutility(255,82): warning C4244:         ]
  (compiling source file 'My_game.cpp')
  C:\Program Files\Microsoft Visual Studio\2022\Community\VC\Tools\MSVC\14.38.33130\include\xutility(255,82):
  the template instantiation context (the oldest one first) is
  	C:\Users\bpree\cprac\My_game\My_game\game.cpp(29,32):
  	see reference to function template instantiation 'std::shared_ptr<objtrans> std::make_shared<objtrans,vec2,vec2,float,int>(vec2 &&,vec2 &&,float &&,int &&)' being compiled
  	C:\Program Files\Microsoft Visual Studio\2022\Community\VC\Tools\MSVC\14.38.33130\include\memory(2769,46):
  	see reference to function template instantiation 'std::_Ref_count_obj2<objtrans>::_Ref_count_obj2<_Ty,_Ty,float,int>(_Ty &&,_Ty &&,float &&,int &&)' being compiled
          with
          [
              _Ty=vec2
          ]
  	C:\Program Files\Microsoft Visual Studio\2022\Community\VC\Tools\MSVC\14.38.33130\include\memory(2094,18):
  	see reference to function template instantiation 'void std::_Construct_in_place<_Ty,vec2,vec2,float,int>(_Ty &,vec2 &&,vec2 &&,float &&,int &&) noexcept(false)' being compiled
          with
          [
              _Ty=objtrans
          ]
  
C:\Program Files\Microsoft Visual Studio\2022\Community\VC\Tools\MSVC\14.38.33130\include\xutility(255,82): warning C4244: 'argument': conversion from '_Ty' to 'float', possible loss of data
C:\Program Files\Microsoft Visual Studio\2022\Community\VC\Tools\MSVC\14.38.33130\include\xutility(255,82): warning C4244:         with
C:\Program Files\Microsoft Visual Studio\2022\Community\VC\Tools\MSVC\14.38.33130\include\xutility(255,82): warning C4244:         [
C:\Program Files\Microsoft Visual Studio\2022\Community\VC\Tools\MSVC\14.38.33130\include\xutility(255,82): warning C4244:             _Ty=double
C:\Program Files\Microsoft Visual Studio\2022\Community\VC\Tools\MSVC\14.38.33130\include\xutility(255,82): warning C4244:         ]
  (compiling source file 'My_game.cpp')
  C:\Program Files\Microsoft Visual Studio\2022\Community\VC\Tools\MSVC\14.38.33130\include\xutility(255,82):
  the template instantiation context (the oldest one first) is
  	C:\Users\bpree\cprac\My_game\My_game\game.cpp(41,28):
  	see reference to function template instantiation 'std::shared_ptr<sf::CircleShape> std::make_shared<sf::CircleShape,double>(double &&)' being compiled
  	C:\Program Files\Microsoft Visual Studio\2022\Community\VC\Tools\MSVC\14.38.33130\include\memory(2769,46):
  	see reference to function template instantiation 'std::_Ref_count_obj2<sf::CircleShape>::_Ref_count_obj2<_Ty>(_Ty &&)' being compiled
          with
          [
              _Ty=double
          ]
  	C:\Program Files\Microsoft Visual Studio\2022\Community\VC\Tools\MSVC\14.38.33130\include\memory(2094,18):
  	see reference to function template instantiation 'void std::_Construct_in_place<_Ty,double>(_Ty &,double &&) noexcept(false)' being compiled
          with
          [
              _Ty=sf::CircleShape
          ]
  
C:\Program Files\Microsoft Visual Studio\2022\Community\VC\Tools\MSVC\14.38.33130\include\xutility(255,82): warning C4244: 'argument': conversion from 'int' to 'float', possible loss of data
  (compiling source file 'My_game.cpp')
  C:\Program Files\Microsoft Visual Studio\2022\Community\VC\Tools\MSVC\14.38.33130\include\xutility(255,82):
  the template instantiation context (the oldest one first) is
  	C:\Users\bpree\cprac\My_game\My_game\game.cpp(61,28):
  	see reference to function template instantiation 'std::shared_ptr<sf::CircleShape> std::make_shared<sf::CircleShape,int&,int&>(int &,int &)' being compiled
  	C:\Program Files\Microsoft Visual Studio\2022\Community\VC\Tools\MSVC\14.38.33130\include\memory(2769,46):
  	see reference to function template instantiation 'std::_Ref_count_obj2<sf::CircleShape>::_Ref_count_obj2<int&,int&>(int &,int &)' being compiled
  	C:\Program Files\Microsoft Visual Studio\2022\Community\VC\Tools\MSVC\14.38.33130\include\memory(2094,18):
  	see reference to function template instantiation 'void std::_Construct_in_place<_Ty,int&,int&>(_Ty &,int &,int &) noexcept(false)' being compiled
          with
          [
              _Ty=sf::CircleShape
          ]
  
x64\Release\physics.obj : warning LNK4042: object specified more than once; extras ignored
  Generating code
  0 of 413 functions ( 0.0%) were compiled, the rest were copied from previous compilation.
    0 functions were new in current compilation
    0 functions had inline decision re-evaluated but remain unchanged
  Finished generating code
  My_game.vcxproj -> C:\Users\bpree\cprac\My_game\x64\Release\My_game.exe
