c:\users\bpree\cprac\my_game\my_game\x64\release\vc143.pdb
c:\users\bpree\cprac\my_game\my_game\x64\release\vec2.obj
c:\users\bpree\cprac\my_game\my_game\x64\release\physics.obj
c:\users\bpree\cprac\my_game\my_game\x64\release\my_game.obj
c:\users\bpree\cprac\my_game\my_game\x64\release\health.obj
c:\users\bpree\cprac\my_game\my_game\x64\release\game.obj
c:\users\bpree\cprac\my_game\my_game\x64\release\entitymanager.obj
c:\users\bpree\cprac\my_game\my_game\x64\release\entity.obj
c:\users\bpree\cprac\my_game\my_game\x64\release\classes.obj
c:\users\bpree\cprac\my_game\x64\release\my_game.exe
c:\users\bpree\cprac\my_game\my_game\x64\release\my_game.ipdb
c:\users\bpree\cprac\my_game\x64\release\my_game.pdb
c:\users\bpree\cprac\my_game\my_game\x64\release\my_game.iobj
c:\users\bpree\cprac\my_game\my_game\x64\release\my_game.tlog\cl.command.1.tlog
c:\users\bpree\cprac\my_game\my_game\x64\release\my_game.tlog\cl.items.tlog
c:\users\bpree\cprac\my_game\my_game\x64\release\my_game.tlog\cl.read.1.tlog
c:\users\bpree\cprac\my_game\my_game\x64\release\my_game.tlog\cl.write.1.tlog
c:\users\bpree\cprac\my_game\my_game\x64\release\my_game.tlog\link.command.1.tlog
c:\users\bpree\cprac\my_game\my_game\x64\release\my_game.tlog\link.read.1.tlog
c:\users\bpree\cprac\my_game\my_game\x64\release\my_game.tlog\link.write.1.tlog
